<?xml version="1.0" encoding="UTF-8"?>
<!-- Generated by org.testng.reporters.JUnitXMLReporter -->
<testsuite hostname="WV137" ignored="0" name="Test" tests="10" failures="2" timestamp="11 Sep 2018 15:22:47 GMT" time="18.534" errors="0">
  <testcase name="systemssettingconfig" time="15.516" classname="BaseTest.emailserverpages">
    <failure type="java.lang.NullPointerException">
      <![CDATA[java.lang.NullPointerException
at BaseTest.emailserverpages.systemssettingconfig(emailserverpages.java:47)
... Removed 25 stack frames]]>
    </failure>
  </testcase> <!-- systemssettingconfig -->
  <testcase name="Correspondence" time="0.001" classname="BaseTest.emailserverpages">
    <skipped/>
  </testcase> <!-- Correspondence -->
  <testcase name="Invoiceemails" time="0.0" classname="BaseTest.emailserverpages">
    <skipped/>
  </testcase> <!-- Invoiceemails -->
  <testcase name="OnlineAccount" time="0.0" classname="BaseTest.emailserverpages">
    <skipped/>
  </testcase> <!-- OnlineAccount -->
  <testcase name="latenotice" time="0.0" classname="BaseTest.emailserverpages">
    <skipped/>
  </testcase> <!-- latenotice -->
  <testcase name="systemssettingconfig" time="2.767" classname="BaseTest.gmailsmtp">
    <failure type="org.openqa.selenium.WebDriverException" message="unknown error: cannot determine loading status
from unknown error: cannot determine loading status
from disconnected: received Inspector.detached event
  (Session info: chrome=69.0.3497.81)
  (Driver info: chromedriver=2.41.578737 (49da6702b16031c40d63e5618de03a32ff6c197e),platform=Windows NT 10.0.16299 x86_64) (WARNING: The server did not provide any stacktrace information)
Command duration or timeout: 0 milliseconds
Build info: version: &amp;apos;3.14.0&amp;apos;, revision: &amp;apos;aacccce0&amp;apos;, time: &amp;apos;2018-08-02T20:13:22.693Z&amp;apos;
System info: host: &amp;apos;WV137&amp;apos;, ip: &amp;apos;10.10.26.116&amp;apos;, os.name: &amp;apos;Windows 10&amp;apos;, os.arch: &amp;apos;amd64&amp;apos;, os.version: &amp;apos;10.0&amp;apos;, java.version: &amp;apos;1.8.0_181&amp;apos;
Driver info: org.openqa.selenium.chrome.ChromeDriver
Capabilities {acceptInsecureCerts: false, acceptSslCerts: false, applicationCacheEnabled: false, browserConnectionEnabled: false, browserName: chrome, chrome: {chromedriverVersion: 2.41.578737 (49da6702b16031..., userDataDir: C:\Users\vdesai\AppData\Loc...}, cssSelectorsEnabled: true, databaseEnabled: false, goog:chromeOptions: {debuggerAddress: localhost:49260}, handlesAlerts: true, hasTouchScreen: false, javascriptEnabled: true, locationContextEnabled: true, mobileEmulationEnabled: false, nativeEvents: true, networkConnectionEnabled: false, pageLoadStrategy: normal, platform: XP, platformName: XP, rotatable: false, setWindowRect: true, takesHeapSnapshot: true, takesScreenshot: true, unexpectedAlertBehaviour: , unhandledPromptBehavior: , version: 69.0.3497.81, webStorageEnabled: true}
Session ID: 4ec7cf6e2c434edb3a0db96fe16d122c">
      <![CDATA[org.openqa.selenium.WebDriverException: unknown error: cannot determine loading status
from unknown error: cannot determine loading status
from disconnected: received Inspector.detached event
  (Session info: chrome=69.0.3497.81)
  (Driver info: chromedriver=2.41.578737 (49da6702b16031c40d63e5618de03a32ff6c197e),platform=Windows NT 10.0.16299 x86_64) (WARNING: The server did not provide any stacktrace information)
Command duration or timeout: 0 milliseconds
Build info: version: '3.14.0', revision: 'aacccce0', time: '2018-08-02T20:13:22.693Z'
System info: host: 'WV137', ip: '10.10.26.116', os.name: 'Windows 10', os.arch: 'amd64', os.version: '10.0', java.version: '1.8.0_181'
Driver info: org.openqa.selenium.chrome.ChromeDriver
Capabilities {acceptInsecureCerts: false, acceptSslCerts: false, applicationCacheEnabled: false, browserConnectionEnabled: false, browserName: chrome, chrome: {chromedriverVersion: 2.41.578737 (49da6702b16031..., userDataDir: C:\Users\vdesai\AppData\Loc...}, cssSelectorsEnabled: true, databaseEnabled: false, goog:chromeOptions: {debuggerAddress: localhost:49260}, handlesAlerts: true, hasTouchScreen: false, javascriptEnabled: true, locationContextEnabled: true, mobileEmulationEnabled: false, nativeEvents: true, networkConnectionEnabled: false, pageLoadStrategy: normal, platform: XP, platformName: XP, rotatable: false, setWindowRect: true, takesHeapSnapshot: true, takesScreenshot: true, unexpectedAlertBehaviour: , unhandledPromptBehavior: , version: 69.0.3497.81, webStorageEnabled: true}
Session ID: 4ec7cf6e2c434edb3a0db96fe16d122c
at org.openqa.selenium.remote.ErrorHandler.createThrowable(ErrorHandler.java:214)
at org.openqa.selenium.remote.ErrorHandler.throwIfResponseFailed(ErrorHandler.java:166)
at org.openqa.selenium.remote.http.JsonHttpResponseCodec.reconstructValue(JsonHttpResponseCodec.java:40)
at org.openqa.selenium.remote.http.AbstractHttpResponseCodec.decode(AbstractHttpResponseCodec.java:80)
at org.openqa.selenium.remote.http.AbstractHttpResponseCodec.decode(AbstractHttpResponseCodec.java:44)
at org.openqa.selenium.remote.HttpCommandExecutor.execute(HttpCommandExecutor.java:158)
at org.openqa.selenium.remote.service.DriverCommandExecutor.execute(DriverCommandExecutor.java:83)
at org.openqa.selenium.remote.RemoteWebDriver.execute(RemoteWebDriver.java:548)
at org.openqa.selenium.remote.RemoteWebDriver.get(RemoteWebDriver.java:276)
at BaseTest.Loginandquit.before(Loginandquit.java:15)
at BaseTest.gmailsmtp.systemssettingconfig(gmailsmtp.java:30)
... Removed 29 stack frames]]>
    </failure>
  </testcase> <!-- systemssettingconfig -->
  <testcase name="Correspondence" time="0.0" classname="BaseTest.gmailsmtp">
    <skipped/>
  </testcase> <!-- Correspondence -->
  <testcase name="Invoiceemails" time="0.0" classname="BaseTest.gmailsmtp">
    <skipped/>
  </testcase> <!-- Invoiceemails -->
  <testcase name="OnlineAccount" time="0.0" classname="BaseTest.gmailsmtp">
    <skipped/>
  </testcase> <!-- OnlineAccount -->
  <testcase name="latenotice" time="0.0" classname="BaseTest.gmailsmtp">
    <skipped/>
  </testcase> <!-- latenotice -->
</testsuite> <!-- Test -->
